<?xml version="1.0" encoding="UTF-8" ?>
<testsuite 
errors="0" failures="2" hostname="badreddine-HP-EliteDesk-705-G3-MT" name="io.frama.parisni.spark.query.EventTest" tests="2" time="14.805" timestamp="2020-06-30T05:13:12">
  <properties>
[...]
</properties>
  <testcase 
  name="truth table" classname="io.frama.parisni.spark.query.EventTest" time="13.682">
    <failure 
    message="Unsupported class file major version 55" type="class java.lang.IllegalArgumentException">
      java.lang.IllegalArgumentException: Unsupported class file major version 55
      at org.apache.xbean.asm6.ClassReader.&lt;init&gt;(ClassReader.java:166)
      at org.apache.xbean.asm6.ClassReader.&lt;init&gt;(ClassReader.java:148)
      at org.apache.xbean.asm6.ClassReader.&lt;init&gt;(ClassReader.java:136)
      at org.apache.xbean.asm6.ClassReader.&lt;init&gt;(ClassReader.java:237)
      at org.apache.spark.util.ClosureCleaner$.getClassReader(ClosureCleaner.scala:49)
      at org.apache.spark.util.FieldAccessFinder$$anon$3$$anonfun$visitMethodInsn$2.apply(ClosureCleaner.scala:517)
      at org.apache.spark.util.FieldAccessFinder$$anon$3$$anonfun$visitMethodInsn$2.apply(ClosureCleaner.scala:500)
      at scala.collection.TraversableLike$WithFilter$$anonfun$foreach$1.apply(TraversableLike.scala:733)
      at scala.collection.mutable.HashMap$$anon$1$$anonfun$foreach$2.apply(HashMap.scala:134)
      at scala.collection.mutable.HashMap$$anon$1$$anonfun$foreach$2.apply(HashMap.scala:134)
      at scala.collection.mutable.HashTable$class.foreachEntry(HashTable.scala:236)
      at scala.collection.mutable.HashMap.foreachEntry(HashMap.scala:40)
      at scala.collection.mutable.HashMap$$anon$1.foreach(HashMap.scala:134)
      at scala.collection.TraversableLike$WithFilter.foreach(TraversableLike.scala:732)
      at org.apache.spark.util.FieldAccessFinder$$anon$3.visitMethodInsn(ClosureCleaner.scala:500)
      at org.apache.xbean.asm6.ClassReader.readCode(ClassReader.java:2175)
      at org.apache.xbean.asm6.ClassReader.readMethod(ClassReader.java:1238)
      at org.apache.xbean.asm6.ClassReader.accept(ClassReader.java:631)
      at org.apache.xbean.asm6.ClassReader.accept(ClassReader.java:355)
      at org.apache.spark.util.ClosureCleaner$$anonfun$org$apache$spark$util$ClosureCleaner$$clean$14.apply(ClosureCleaner.scala:307)
      at org.apache.spark.util.ClosureCleaner$$anonfun$org$apache$spark$util$ClosureCleaner$$clean$14.apply(ClosureCleaner.scala:306)
      at scala.collection.immutable.List.foreach(List.scala:392)
      at org.apache.spark.util.ClosureCleaner$.org$apache$spark$util$ClosureCleaner$$clean(ClosureCleaner.scala:306)
      at org.apache.spark.util.ClosureCleaner$.clean(ClosureCleaner.scala:162)
      at org.apache.spark.SparkContext.clean(SparkContext.scala:2326)
      at org.apache.spark.SparkContext.runJob(SparkContext.scala:2100)
      at org.apache.spark.SparkContext.runJob(SparkContext.scala:2126)
      at org.apache.spark.rdd.RDD$$anonfun$collect$1.apply(RDD.scala:945)
      at org.apache.spark.rdd.RDDOperationScope$.withScope(RDDOperationScope.scala:151)
      at org.apache.spark.rdd.RDDOperationScope$.withScope(RDDOperationScope.scala:112)
      at org.apache.spark.rdd.RDD.withScope(RDD.scala:363)
      at org.apache.spark.rdd.RDD.collect(RDD.scala:944)
      at org.apache.spark.sql.execution.SparkPlan.executeCollect(SparkPlan.scala:299)
      at org.apache.spark.sql.Dataset$$anonfun$count$1.apply(Dataset.scala:2830)
      at org.apache.spark.sql.Dataset$$anonfun$count$1.apply(Dataset.scala:2829)
      at org.apache.spark.sql.Dataset$$anonfun$53.apply(Dataset.scala:3364)
      at org.apache.spark.sql.execution.SQLExecution$$anonfun$withNewExecutionId$1.apply(SQLExecution.scala:78)
      at org.apache.spark.sql.execution.SQLExecution$.withSQLConfPropagated(SQLExecution.scala:125)
      at org.apache.spark.sql.execution.SQLExecution$.withNewExecutionId(SQLExecution.scala:73)
      at org.apache.spark.sql.Dataset.withAction(Dataset.scala:3363)
      at org.apache.spark.sql.Dataset.count(Dataset.scala:2829)
      at io.frama.parisni.spark.query.QueryBaseTest$$anonfun$assertDF$4.apply(QueryBaseTest.scala:40)
      at io.frama.parisni.spark.query.QueryBaseTest$$anonfun$assertDF$4.apply(QueryBaseTest.scala:40)
      at scala.Option.foreach(Option.scala:257)
      at io.frama.parisni.spark.query.QueryBaseTest.assertDF(QueryBaseTest.scala:40)
      at io.frama.parisni.spark.query.QueryBaseTest.assertQuery(QueryBaseTest.scala:22)
      at io.frama.parisni.spark.query.QueryBaseTest$$anonfun$assertQuery$1.apply(QueryBaseTest.scala:14)
      at io.frama.parisni.spark.query.QueryBaseTest$$anonfun$assertQuery$1.apply(QueryBaseTest.scala:14)
      at io.frama.parisni.spark.query.EventTest$$anonfun$1.apply$mcV$sp(EventTest.scala:9)
      at io.frama.parisni.spark.query.EventTest$$anonfun$1.apply(EventTest.scala:6)
      at io.frama.parisni.spark.query.EventTest$$anonfun$1.apply(EventTest.scala:6)
      at org.scalatest.OutcomeOf$class.outcomeOf(OutcomeOf.scala:85)
      at org.scalatest.OutcomeOf$.outcomeOf(OutcomeOf.scala:104)
      at org.scalatest.Transformer.apply(Transformer.scala:22)
      at org.scalatest.Transformer.apply(Transformer.scala:20)
      at org.scalatest.FunSuiteLike$$anon$1.apply(FunSuiteLike.scala:186)
      at org.apache.spark.SparkFunSuite.withFixture(SparkFunSuite.scala:103)
      at org.scalatest.FunSuiteLike$class.invokeWithFixture$1(FunSuiteLike.scala:183)
      at org.scalatest.FunSuiteLike$$anonfun$runTest$1.apply(FunSuiteLike.scala:196)
      at org.scalatest.FunSuiteLike$$anonfun$runTest$1.apply(FunSuiteLike.scala:196)
      at org.scalatest.SuperEngine.runTestImpl(Engine.scala:286)
      at org.scalatest.FunSuiteLike$class.runTest(FunSuiteLike.scala:196)
      at org.scalatest.FunSuite.runTest(FunSuite.scala:1560)
      at org.scalatest.FunSuiteLike$$anonfun$runTests$1.apply(FunSuiteLike.scala:229)
      at org.scalatest.FunSuiteLike$$anonfun$runTests$1.apply(FunSuiteLike.scala:229)
      at org.scalatest.SuperEngine$$anonfun$traverseSubNodes$1$1.apply(Engine.scala:393)
      at org.scalatest.SuperEngine$$anonfun$traverseSubNodes$1$1.apply(Engine.scala:381)
      at scala.collection.immutable.List.foreach(List.scala:392)
      at org.scalatest.SuperEngine.traverseSubNodes$1(Engine.scala:381)
      at org.scalatest.SuperEngine.org$scalatest$SuperEngine$$runTestsInBranch(Engine.scala:376)
      at org.scalatest.SuperEngine.runTestsImpl(Engine.scala:458)
      at org.scalatest.FunSuiteLike$class.runTests(FunSuiteLike.scala:229)
      at org.scalatest.FunSuite.runTests(FunSuite.scala:1560)
      at org.scalatest.Suite$class.run(Suite.scala:1124)
      at org.scalatest.FunSuite.org$scalatest$FunSuiteLike$$super$run(FunSuite.scala:1560)
      at org.scalatest.FunSuiteLike$$anonfun$run$1.apply(FunSuiteLike.scala:233)
      at org.scalatest.FunSuiteLike$$anonfun$run$1.apply(FunSuiteLike.scala:233)
      at org.scalatest.SuperEngine.runImpl(Engine.scala:518)
      at org.scalatest.FunSuiteLike$class.run(FunSuiteLike.scala:233)
      at org.apache.spark.SparkFunSuite.org$scalatest$BeforeAndAfterAll$$super$run(SparkFunSuite.scala:52)
      at org.scalatest.BeforeAndAfterAll$class.liftedTree1$1(BeforeAndAfterAll.scala:213)
      at org.scalatest.BeforeAndAfterAll$class.run(BeforeAndAfterAll.scala:210)
      at org.apache.spark.SparkFunSuite.run(SparkFunSuite.scala:52)
      at org.scalatest.Suite$class.callExecuteOnSuite$1(Suite.scala:1187)
      at org.scalatest.Suite$$anonfun$runNestedSuites$1.apply(Suite.scala:1234)
      at org.scalatest.Suite$$anonfun$runNestedSuites$1.apply(Suite.scala:1232)
      at scala.collection.IndexedSeqOptimized$class.foreach(IndexedSeqOptimized.scala:33)
      at scala.collection.mutable.ArrayOps$ofRef.foreach(ArrayOps.scala:186)
      at org.scalatest.Suite$class.runNestedSuites(Suite.scala:1232)
      at org.scalatest.tools.DiscoverySuite.runNestedSuites(DiscoverySuite.scala:30)
      at org.scalatest.Suite$class.run(Suite.scala:1121)
      at org.scalatest.tools.DiscoverySuite.run(DiscoverySuite.scala:30)
      at org.scalatest.tools.SuiteRunner.run(SuiteRunner.scala:45)
      at org.scalatest.tools.Runner$$anonfun$doRunRunRunDaDoRunRun$1.apply(Runner.scala:1349)
      at org.scalatest.tools.Runner$$anonfun$doRunRunRunDaDoRunRun$1.apply(Runner.scala:1343)
      at scala.collection.immutable.List.foreach(List.scala:392)
      at org.scalatest.tools.Runner$.doRunRunRunDaDoRunRun(Runner.scala:1343)
      at org.scalatest.tools.Runner$$anonfun$runOptionallyWithPassFailReporter$2.apply(Runner.scala:1012)
      at org.scalatest.tools.Runner$$anonfun$runOptionallyWithPassFailReporter$2.apply(Runner.scala:1011)
      at org.scalatest.tools.Runner$.withClassLoaderAndDispatchReporter(Runner.scala:1509)
      at org.scalatest.tools.Runner$.runOptionallyWithPassFailReporter(Runner.scala:1011)
      at org.scalatest.tools.Runner$.main(Runner.scala:827)
      at org.scalatest.tools.Runner.main(Runner.scala)
</failure>
</testcase>
  <testcase 
  name="filter: events" classname="io.frama.parisni.spark.query.EventTest" time="1.022">
    <failure 
    message="Unsupported class file major version 55" type="class java.lang.IllegalArgumentException">
      java.lang.IllegalArgumentException: Unsupported class file major version 55
      at org.apache.xbean.asm6.ClassReader.&lt;init&gt;(ClassReader.java:166)
      at org.apache.xbean.asm6.ClassReader.&lt;init&gt;(ClassReader.java:148)
      at org.apache.xbean.asm6.ClassReader.&lt;init&gt;(ClassReader.java:136)
      at org.apache.xbean.asm6.ClassReader.&lt;init&gt;(ClassReader.java:237)
      at org.apache.spark.util.ClosureCleaner$.getClassReader(ClosureCleaner.scala:49)
      at org.apache.spark.util.FieldAccessFinder$$anon$3$$anonfun$visitMethodInsn$2.apply(ClosureCleaner.scala:517)
      at org.apache.spark.util.FieldAccessFinder$$anon$3$$anonfun$visitMethodInsn$2.apply(ClosureCleaner.scala:500)
      at scala.collection.TraversableLike$WithFilter$$anonfun$foreach$1.apply(TraversableLike.scala:733)
      at scala.collection.mutable.HashMap$$anon$1$$anonfun$foreach$2.apply(HashMap.scala:134)
      at scala.collection.mutable.HashMap$$anon$1$$anonfun$foreach$2.apply(HashMap.scala:134)
      at scala.collection.mutable.HashTable$class.foreachEntry(HashTable.scala:236)
      at scala.collection.mutable.HashMap.foreachEntry(HashMap.scala:40)
      at scala.collection.mutable.HashMap$$anon$1.foreach(HashMap.scala:134)
      at scala.collection.TraversableLike$WithFilter.foreach(TraversableLike.scala:732)
      at org.apache.spark.util.FieldAccessFinder$$anon$3.visitMethodInsn(ClosureCleaner.scala:500)
      at org.apache.xbean.asm6.ClassReader.readCode(ClassReader.java:2175)
      at org.apache.xbean.asm6.ClassReader.readMethod(ClassReader.java:1238)
      at org.apache.xbean.asm6.ClassReader.accept(ClassReader.java:631)
      at org.apache.xbean.asm6.ClassReader.accept(ClassReader.java:355)
      at org.apache.spark.util.ClosureCleaner$$anonfun$org$apache$spark$util$ClosureCleaner$$clean$14.apply(ClosureCleaner.scala:307)
      at org.apache.spark.util.ClosureCleaner$$anonfun$org$apache$spark$util$ClosureCleaner$$clean$14.apply(ClosureCleaner.scala:306)
      at scala.collection.immutable.List.foreach(List.scala:392)
      at org.apache.spark.util.ClosureCleaner$.org$apache$spark$util$ClosureCleaner$$clean(ClosureCleaner.scala:306)
      at org.apache.spark.util.ClosureCleaner$.clean(ClosureCleaner.scala:162)
      at org.apache.spark.SparkContext.clean(SparkContext.scala:2326)
      at org.apache.spark.SparkContext.runJob(SparkContext.scala:2100)
      at org.apache.spark.SparkContext.runJob(SparkContext.scala:2126)
      at org.apache.spark.rdd.RDD$$anonfun$collect$1.apply(RDD.scala:945)
      at org.apache.spark.rdd.RDDOperationScope$.withScope(RDDOperationScope.scala:151)
      at org.apache.spark.rdd.RDDOperationScope$.withScope(RDDOperationScope.scala:112)
      at org.apache.spark.rdd.RDD.withScope(RDD.scala:363)
      at org.apache.spark.rdd.RDD.collect(RDD.scala:944)
      at org.apache.spark.sql.execution.SparkPlan.executeCollect(SparkPlan.scala:299)
      at org.apache.spark.sql.Dataset$$anonfun$count$1.apply(Dataset.scala:2830)
      at org.apache.spark.sql.Dataset$$anonfun$count$1.apply(Dataset.scala:2829)
      at org.apache.spark.sql.Dataset$$anonfun$53.apply(Dataset.scala:3364)
      at org.apache.spark.sql.execution.SQLExecution$$anonfun$withNewExecutionId$1.apply(SQLExecution.scala:78)
      at org.apache.spark.sql.execution.SQLExecution$.withSQLConfPropagated(SQLExecution.scala:125)
      at org.apache.spark.sql.execution.SQLExecution$.withNewExecutionId(SQLExecution.scala:73)
      at org.apache.spark.sql.Dataset.withAction(Dataset.scala:3363)
      at org.apache.spark.sql.Dataset.count(Dataset.scala:2829)
      at io.frama.parisni.spark.query.QueryBaseTest.messages$lzycompute(QueryBaseTest.scala:81)
      at io.frama.parisni.spark.query.QueryBaseTest.messages(QueryBaseTest.scala:81)
      at io.frama.parisni.spark.query.EventTest$$anonfun$2.apply$mcV$sp(EventTest.scala:30)
      at io.frama.parisni.spark.query.EventTest$$anonfun$2.apply(EventTest.scala:29)
      at io.frama.parisni.spark.query.EventTest$$anonfun$2.apply(EventTest.scala:29)
      at org.scalatest.OutcomeOf$class.outcomeOf(OutcomeOf.scala:85)
      at org.scalatest.OutcomeOf$.outcomeOf(OutcomeOf.scala:104)
      at org.scalatest.Transformer.apply(Transformer.scala:22)
      at org.scalatest.Transformer.apply(Transformer.scala:20)
      at org.scalatest.FunSuiteLike$$anon$1.apply(FunSuiteLike.scala:186)
      at org.apache.spark.SparkFunSuite.withFixture(SparkFunSuite.scala:103)
      at org.scalatest.FunSuiteLike$class.invokeWithFixture$1(FunSuiteLike.scala:183)
      at org.scalatest.FunSuiteLike$$anonfun$runTest$1.apply(FunSuiteLike.scala:196)
      at org.scalatest.FunSuiteLike$$anonfun$runTest$1.apply(FunSuiteLike.scala:196)
      at org.scalatest.SuperEngine.runTestImpl(Engine.scala:286)
      at org.scalatest.FunSuiteLike$class.runTest(FunSuiteLike.scala:196)
      at org.scalatest.FunSuite.runTest(FunSuite.scala:1560)
      at org.scalatest.FunSuiteLike$$anonfun$runTests$1.apply(FunSuiteLike.scala:229)
      at org.scalatest.FunSuiteLike$$anonfun$runTests$1.apply(FunSuiteLike.scala:229)
      at org.scalatest.SuperEngine$$anonfun$traverseSubNodes$1$1.apply(Engine.scala:393)
      at org.scalatest.SuperEngine$$anonfun$traverseSubNodes$1$1.apply(Engine.scala:381)
      at scala.collection.immutable.List.foreach(List.scala:392)
      at org.scalatest.SuperEngine.traverseSubNodes$1(Engine.scala:381)
      at org.scalatest.SuperEngine.org$scalatest$SuperEngine$$runTestsInBranch(Engine.scala:376)
      at org.scalatest.SuperEngine.runTestsImpl(Engine.scala:458)
      at org.scalatest.FunSuiteLike$class.runTests(FunSuiteLike.scala:229)
      at org.scalatest.FunSuite.runTests(FunSuite.scala:1560)
      at org.scalatest.Suite$class.run(Suite.scala:1124)
      at org.scalatest.FunSuite.org$scalatest$FunSuiteLike$$super$run(FunSuite.scala:1560)
      at org.scalatest.FunSuiteLike$$anonfun$run$1.apply(FunSuiteLike.scala:233)
      at org.scalatest.FunSuiteLike$$anonfun$run$1.apply(FunSuiteLike.scala:233)
      at org.scalatest.SuperEngine.runImpl(Engine.scala:518)
      at org.scalatest.FunSuiteLike$class.run(FunSuiteLike.scala:233)
      at org.apache.spark.SparkFunSuite.org$scalatest$BeforeAndAfterAll$$super$run(SparkFunSuite.scala:52)
      at org.scalatest.BeforeAndAfterAll$class.liftedTree1$1(BeforeAndAfterAll.scala:213)
      at org.scalatest.BeforeAndAfterAll$class.run(BeforeAndAfterAll.scala:210)
      at org.apache.spark.SparkFunSuite.run(SparkFunSuite.scala:52)
      at org.scalatest.Suite$class.callExecuteOnSuite$1(Suite.scala:1187)
      at org.scalatest.Suite$$anonfun$runNestedSuites$1.apply(Suite.scala:1234)
      at org.scalatest.Suite$$anonfun$runNestedSuites$1.apply(Suite.scala:1232)
      at scala.collection.IndexedSeqOptimized$class.foreach(IndexedSeqOptimized.scala:33)
      at scala.collection.mutable.ArrayOps$ofRef.foreach(ArrayOps.scala:186)
      at org.scalatest.Suite$class.runNestedSuites(Suite.scala:1232)
      at org.scalatest.tools.DiscoverySuite.runNestedSuites(DiscoverySuite.scala:30)
      at org.scalatest.Suite$class.run(Suite.scala:1121)
      at org.scalatest.tools.DiscoverySuite.run(DiscoverySuite.scala:30)
      at org.scalatest.tools.SuiteRunner.run(SuiteRunner.scala:45)
      at org.scalatest.tools.Runner$$anonfun$doRunRunRunDaDoRunRun$1.apply(Runner.scala:1349)
      at org.scalatest.tools.Runner$$anonfun$doRunRunRunDaDoRunRun$1.apply(Runner.scala:1343)
      at scala.collection.immutable.List.foreach(List.scala:392)
      at org.scalatest.tools.Runner$.doRunRunRunDaDoRunRun(Runner.scala:1343)
      at org.scalatest.tools.Runner$$anonfun$runOptionallyWithPassFailReporter$2.apply(Runner.scala:1012)
      at org.scalatest.tools.Runner$$anonfun$runOptionallyWithPassFailReporter$2.apply(Runner.scala:1011)
      at org.scalatest.tools.Runner$.withClassLoaderAndDispatchReporter(Runner.scala:1509)
      at org.scalatest.tools.Runner$.runOptionallyWithPassFailReporter(Runner.scala:1011)
      at org.scalatest.tools.Runner$.main(Runner.scala:827)
      at org.scalatest.tools.Runner.main(Runner.scala)
</failure>
</testcase>
  <system-out><![CDATA[]]></system-out>
  <system-err><![CDATA[]]></system-err>
</testsuite>
